<?xml version="1.0" encoding="UTF-8"?>
<!-- Generated by org.testng.reporters.JUnitReportReporter -->
<testsuite skipped="0" hostname="DESKTOP-ABV87OL" name="a2_bingTest.A1_BingTest" tests="1" failures="0" timestamp="2023-05-16T10:58:37 IST" time="5.624" errors="0">
  <testcase name="validateBing" time="5.624" classname="a2_bingTest.A1_BingTest"/>
  <system-out/>
</testsuite> <!-- a2_bingTest.A1_BingTest -->
