<?xml version="1.0" encoding="UTF-8"?>
<!-- Generated by org.testng.reporters.JUnitReportReporter -->
<testsuite hostname="DESKTOP-ABV87OL" failures="0" tests="1" name="a1_googleTest.A1_GoogleTest" time="10.068" errors="0" timestamp="2023-05-16T11:36:49 IST" skipped="0">
  <testcase classname="a1_googleTest.A1_GoogleTest" name="validateGoogle" time="10.068"/>
  <system-out/>
</testsuite> <!-- a1_googleTest.A1_GoogleTest -->
